<?xml version="1.0" encoding="UTF-8"?>
<!-- Generated by org.testng.reporters.JUnitXMLReporter -->
<testsuite hostname="MEHMURUG-IN" ignored="0" name="Test" tests="3" failures="0" timestamp="02 Aug 2021 17:32:40 GMT" time="111.186" errors="0">
  <testcase name="findWeather" time="25.471" classname="com.channelnewsasia.tests.FindWeather"/>
  <testcase name="validateAsiaNews_SingaporeEdition" time="41.439" classname="com.channelnewsasia.tests.ValidateAsiaNews_SingaporeEdition"/>
  <testcase name="validateAsiaNews_InternationalEdition" time="30.743" classname="com.channelnewsasia.tests.ValidateAsiaNews_InternationalEdition"/>
</testsuite> <!-- Test -->
