<?xml version="1.0" encoding="UTF-8"?>
<testng-results skipped="0" failed="0" ignored="0" total="3" passed="3">
  <reporter-output>
  </reporter-output>
  <suite name="Suite" duration-ms="111186" started-at="2021-08-02T17:30:49Z" finished-at="2021-08-02T17:32:40Z">
    <groups>
    </groups>
    <test name="Test" duration-ms="111186" started-at="2021-08-02T17:30:49Z" finished-at="2021-08-02T17:32:40Z">
      <class name="com.channelnewsasia.tests.ValidateAsiaNews_InternationalEdition">
        <test-method status="PASS" signature="setup()[pri:0, instance:com.channelnewsasia.tests.ValidateAsiaNews_InternationalEdition@5792a0]" name="setup" is-config="true" duration-ms="2188" started-at="2021-08-02T17:32:05Z" finished-at="2021-08-02T17:32:08Z">
          <reporter-output>
          </reporter-output>
        </test-method> <!-- setup -->
        <test-method status="PASS" signature="validateAsiaNews_InternationalEdition()[pri:0, instance:com.channelnewsasia.tests.ValidateAsiaNews_InternationalEdition@5792a0]" name="validateAsiaNews_InternationalEdition" duration-ms="30743" started-at="2021-08-02T17:32:08Z" finished-at="2021-08-02T17:32:38Z">
          <reporter-output>
          </reporter-output>
        </test-method> <!-- validateAsiaNews_InternationalEdition -->
        <test-method status="PASS" signature="tearDown()[pri:0, instance:com.channelnewsasia.tests.ValidateAsiaNews_InternationalEdition@5792a0]" name="tearDown" is-config="true" duration-ms="1698" started-at="2021-08-02T17:32:38Z" finished-at="2021-08-02T17:32:40Z">
          <reporter-output>
          </reporter-output>
        </test-method> <!-- tearDown -->
      </class> <!-- com.channelnewsasia.tests.ValidateAsiaNews_InternationalEdition -->
      <class name="com.channelnewsasia.tests.ValidateAsiaNews_SingaporeEdition">
        <test-method status="PASS" signature="setup()[pri:0, instance:com.channelnewsasia.tests.ValidateAsiaNews_SingaporeEdition@1fc5af1]" name="setup" is-config="true" duration-ms="2175" started-at="2021-08-02T17:31:20Z" finished-at="2021-08-02T17:31:22Z">
          <reporter-output>
          </reporter-output>
        </test-method> <!-- setup -->
        <test-method status="PASS" signature="validateAsiaNews_SingaporeEdition()[pri:0, instance:com.channelnewsasia.tests.ValidateAsiaNews_SingaporeEdition@1fc5af1]" name="validateAsiaNews_SingaporeEdition" duration-ms="41439" started-at="2021-08-02T17:31:22Z" finished-at="2021-08-02T17:32:04Z">
          <reporter-output>
          </reporter-output>
        </test-method> <!-- validateAsiaNews_SingaporeEdition -->
        <test-method status="PASS" signature="tearDown()[pri:0, instance:com.channelnewsasia.tests.ValidateAsiaNews_SingaporeEdition@1fc5af1]" name="tearDown" is-config="true" duration-ms="1640" started-at="2021-08-02T17:32:04Z" finished-at="2021-08-02T17:32:05Z">
          <reporter-output>
          </reporter-output>
        </test-method> <!-- tearDown -->
      </class> <!-- com.channelnewsasia.tests.ValidateAsiaNews_SingaporeEdition -->
      <class name="com.channelnewsasia.tests.FindWeather">
        <test-method status="PASS" signature="setup()[pri:0, instance:com.channelnewsasia.tests.FindWeather@1774679]" name="setup" is-config="true" duration-ms="4325" started-at="2021-08-02T17:30:49Z" finished-at="2021-08-02T17:30:53Z">
          <reporter-output>
          </reporter-output>
        </test-method> <!-- setup -->
        <test-method status="PASS" signature="findWeather()[pri:0, instance:com.channelnewsasia.tests.FindWeather@1774679]" name="findWeather" duration-ms="25471" started-at="2021-08-02T17:30:53Z" finished-at="2021-08-02T17:31:19Z">
          <reporter-output>
          </reporter-output>
        </test-method> <!-- findWeather -->
        <test-method status="PASS" signature="tearDown()[pri:0, instance:com.channelnewsasia.tests.FindWeather@1774679]" name="tearDown" is-config="true" duration-ms="1461" started-at="2021-08-02T17:31:19Z" finished-at="2021-08-02T17:31:20Z">
          <reporter-output>
          </reporter-output>
        </test-method> <!-- tearDown -->
      </class> <!-- com.channelnewsasia.tests.FindWeather -->
    </test> <!-- Test -->
  </suite> <!-- Suite -->
</testng-results>
